<?xml version="1.0" encoding="UTF-8"?>
<!-- Generated by org.testng.reporters.JUnitReportReporter -->
<testsuite hostname="DESKTOP-VB3NVAH" failures="0" tests="2" name="elements.TC0004_WebTable_Test" time="97.056" errors="0" timestamp="2024-02-08T22:52:39 IST" skipped="0">
  <testcase classname="elements.TC0004_WebTable_Test" name="webTable_Enter_Values" time="46.478"/>
  <testcase classname="elements.TC0004_WebTable_Test" name="webTable_Enter_Values" time="50.578"/>
</testsuite> <!-- elements.TC0004_WebTable_Test -->
