<?xml version="1.0" encoding="UTF-8"?>
<!-- Generated by org.testng.reporters.JUnitReportReporter -->
<testsuite hostname="DESKTOP-VB3NVAH" failures="0" tests="1" name="elements.TC0007_Broken_Links_Images_Test" time="48.385" errors="0" timestamp="2024-02-08T22:57:10 IST" skipped="0">
  <testcase classname="elements.TC0007_Broken_Links_Images_Test" name="brokenLinks_Click_Links" time="48.385"/>
</testsuite> <!-- elements.TC0007_Broken_Links_Images_Test -->
