<?xml version="1.0" encoding="UTF-8"?>
<!-- Generated by org.testng.reporters.JUnitReportReporter -->
<testsuite hostname="DESKTOP-VB3NVAH" failures="0" tests="1" name="elements.TC0009_dynamicProperties_Test" time="21.768" errors="0" timestamp="2024-02-08T22:58:48 IST" skipped="0">
  <testcase classname="elements.TC0009_dynamicProperties_Test" name="dynamic_Properties_Button_Click" time="21.768"/>
</testsuite> <!-- elements.TC0009_dynamicProperties_Test -->
