<?xml version="1.0" encoding="UTF-8"?>
<!-- Generated by org.testng.reporters.JUnitReportReporter -->
<testsuite hostname="DESKTOP-VB3NVAH" failures="0" tests="1" name="elements.TC0006_Links_Test" time="107.740" errors="0" timestamp="2024-02-08T23:16:10 IST" skipped="0">
  <testcase classname="elements.TC0006_Links_Test" name="links_Click_Home_Links" time="107.740"/>
</testsuite> <!-- elements.TC0006_Links_Test -->
