<?xml version="1.0" encoding="UTF-8"?>
<!-- Generated by org.testng.reporters.JUnitReportReporter -->
<testsuite hostname="DESKTOP-VB3NVAH" failures="0" tests="2" name="elements.TC0001_TextBox_Test" time="116.094" errors="0" timestamp="2024-02-08T23:16:09 IST" skipped="0">
  <testcase classname="elements.TC0001_TextBox_Test" name="testBox_Data" time="72.631"/>
  <testcase classname="elements.TC0001_TextBox_Test" name="testBox_Data" time="43.463"/>
</testsuite> <!-- elements.TC0001_TextBox_Test -->
