<?xml version="1.0" encoding="UTF-8"?>
<!-- Generated by org.testng.reporters.JUnitReportReporter -->
<testsuite hostname="DESKTOP-VB3NVAH" failures="0" tests="1" name="testcases.RadioButton_Test" time="132.662" errors="0" timestamp="2024-02-07T12:58:05 IST" skipped="0">
  <testcase classname="testcases.RadioButton_Test" name="radioButton_Data" time="132.662"/>
</testsuite> <!-- testcases.RadioButton_Test -->
