<?xml version="1.0" encoding="UTF-8"?>
<!-- Generated by org.testng.reporters.JUnitReportReporter -->
<testsuite hostname="DESKTOP-VB3NVAH" failures="0" tests="1" name="elements.TC0005_Buttons_Test" time="77.789" errors="0" timestamp="2024-02-08T23:16:09 IST" skipped="0">
  <testcase classname="elements.TC0005_Buttons_Test" name="buttons_Button_Click" time="77.789"/>
</testsuite> <!-- elements.TC0005_Buttons_Test -->
