<?xml version="1.0" encoding="UTF-8"?>
<!-- Generated by org.testng.reporters.JUnitReportReporter -->
<testsuite hostname="DESKTOP-VB3NVAH" failures="0" tests="2" name="testcases.RadioButton" time="332.334" errors="0" timestamp="2024-02-06T22:46:41 IST" skipped="0">
  <testcase classname="testcases.RadioButton" name="radio_Button_Select_Options" time="166.322"/>
  <testcase classname="testcases.RadioButton" name="radio_Button_Select_Options" time="166.012"/>
</testsuite> <!-- testcases.RadioButton -->
