<?xml version="1.0" encoding="UTF-8"?>
<!-- Generated by org.testng.reporters.JUnitReportReporter -->
<testsuite hostname="DESKTOP-VB3NVAH" failures="0" tests="1" name="elements.TC0008_Upload_And_Download_Test" time="20.889" errors="0" timestamp="2024-02-08T22:57:58 IST" skipped="0">
  <testcase classname="elements.TC0008_Upload_And_Download_Test" name="upload_And_Download_Upload_File" time="20.889"/>
</testsuite> <!-- elements.TC0008_Upload_And_Download_Test -->
