<?xml version="1.0" encoding="UTF-8"?>
<!-- Generated by org.testng.reporters.JUnitReportReporter -->
<testsuite hostname="DESKTOP-VB3NVAH" failures="0" tests="1" name="elements.TC0002_CheckBox_Test" time="36.108" errors="0" timestamp="2024-02-08T22:49:22 IST" skipped="0">
  <testcase classname="elements.TC0002_CheckBox_Test" name="checkBox_Select_Items" time="36.108"/>
</testsuite> <!-- elements.TC0002_CheckBox_Test -->
